# JRE version: OpenJDK Runtime Environment (8.0_312-b07) (build 1.8.0_312-b07)
# Java VM: OpenJDK 64-Bit Server VM (25.312-b07 mixed mode windows-amd64 compressed oops)
Heap:
 PSYoungGen      total 3604480K, used 90567K [0x00000006ded00000, 0x00000007c0000000, 0x00000007c0000000)
  eden space 3524096K, 2% used [0x00000006ded00000,0x00000006e4571cf0,0x00000007b5e80000)
  from space 80384K, 0% used [0x00000007b5e80000,0x00000007b5e80000,0x00000007bad00000)
  to   space 84992K, 0% used [0x00000007bad00000,0x00000007bad00000,0x00000007c0000000)
 ParOldGen       total 4801024K, used 3719870K [0x000000051c600000, 0x0000000641680000, 0x00000006ded00000)
  object space 4801024K, 77% used [0x000000051c600000,0x00000005ff6af9f8,0x0000000641680000)
 Metaspace       used 320787K, capacity 333674K, committed 334208K, reserved 1331200K
  class space    used 50014K, capacity 53288K, committed 53376K, reserved 1048576K
GC Heap History (10 events):
Event: 51721.478 GC heap before
{Heap before GC invocations=2691 (full 33):
 PSYoungGen      total 3601920K, used 3530892K [0x00000006ded00000, 0x00000007bff00000, 0x00000007c0000000)
  eden space 3516416K, 100% used [0x00000006ded00000,0x00000007b5700000,0x00000007b5700000)
  from space 85504K, 16% used [0x00000007b5700000,0x00000007b65233f0,0x00000007baa80000)
  to   space 86016K, 0% used [0x00000007bab00000,0x00000007bab00000,0x00000007bff00000)
 ParOldGen       total 4801024K, used 4101368K [0x000000051c600000, 0x0000000641680000, 0x00000006ded00000)
  object space 4801024K, 85% used [0x000000051c600000,0x0000000616b3e188,0x0000000641680000)
 Metaspace       used 320873K, capacity 333784K, committed 333952K, reserved 1329152K
  class space    used 50029K, capacity 53317K, committed 53376K, reserved 1048576K
Event: 51721.492 GC heap after
Heap after GC invocations=2691 (full 33):
 PSYoungGen      total 3599360K, used 31451K [0x00000006ded00000, 0x00000007bfa80000, 0x00000007c0000000)
  eden space 3517952K, 0% used [0x00000006ded00000,0x00000006ded00000,0x00000007b5880000)
  from space 81408K, 38% used [0x00000007bab00000,0x00000007bc9b6e78,0x00000007bfa80000)
  to   space 82944K, 0% used [0x00000007b5880000,0x00000007b5880000,0x00000007ba980000)
 ParOldGen       total 4801024K, used 4101584K [0x000000051c600000, 0x0000000641680000, 0x00000006ded00000)
  object space 4801024K, 85% used [0x000000051c600000,0x0000000616b74198,0x0000000641680000)
 Metaspace       used 320873K, capacity 333784K, committed 333952K, reserved 1329152K
  class space    used 50029K, capacity 53317K, committed 53376K, reserved 1048576K
}
Event: 51739.949 GC heap before
{Heap before GC invocations=2692 (full 33):
 PSYoungGen      total 3599360K, used 3549403K [0x00000006ded00000, 0x00000007bfa80000, 0x00000007c0000000)
  eden space 3517952K, 100% used [0x00000006ded00000,0x00000007b5880000,0x00000007b5880000)
  from space 81408K, 38% used [0x00000007bab00000,0x00000007bc9b6e78,0x00000007bfa80000)
  to   space 82944K, 0% used [0x00000007b5880000,0x00000007b5880000,0x00000007ba980000)
 ParOldGen       total 4801024K, used 4101584K [0x000000051c600000, 0x0000000641680000, 0x00000006ded00000)
  object space 4801024K, 85% used [0x000000051c600000,0x0000000616b74198,0x0000000641680000)
 Metaspace       used 320881K, capacity 333784K, committed 333952K, reserved 1329152K
  class space    used 50029K, capacity 53317K, committed 53376K, reserved 1048576K
Event: 51739.962 GC heap after
Heap after GC invocations=2692 (full 33):
 PSYoungGen      total 3600896K, used 14252K [0x00000006ded00000, 0x00000007c0000000, 0x00000007c0000000)
  eden space 3517952K, 0% used [0x00000006ded00000,0x00000006ded00000,0x00000007b5880000)
  from space 82944K, 17% used [0x00000007b5880000,0x00000007b666b208,0x00000007ba980000)
  to   space 82432K, 0% used [0x00000007baf80000,0x00000007baf80000,0x00000007c0000000)
 ParOldGen       total 4801024K, used 4101728K [0x000000051c600000, 0x0000000641680000, 0x00000006ded00000)
  object space 4801024K, 85% used [0x000000051c600000,0x0000000616b98198,0x0000000641680000)
 Metaspace       used 320881K, capacity 333784K, committed 333952K, reserved 1329152K
  class space    used 50029K, capacity 53317K, committed 53376K, reserved 1048576K
}
Event: 51759.948 GC heap before
{Heap before GC invocations=2693 (full 33):
 PSYoungGen      total 3600896K, used 3532204K [0x00000006ded00000, 0x00000007c0000000, 0x00000007c0000000)
  eden space 3517952K, 100% used [0x00000006ded00000,0x00000007b5880000,0x00000007b5880000)
  from space 82944K, 17% used [0x00000007b5880000,0x00000007b666b208,0x00000007ba980000)
  to   space 82432K, 0% used [0x00000007baf80000,0x00000007baf80000,0x00000007c0000000)
 ParOldGen       total 4801024K, used 4101728K [0x000000051c600000, 0x0000000641680000, 0x00000006ded00000)
  object space 4801024K, 85% used [0x000000051c600000,0x0000000616b98198,0x0000000641680000)
 Metaspace       used 320889K, capacity 333848K, committed 334208K, reserved 1331200K
  class space    used 50029K, capacity 53317K, committed 53376K, reserved 1048576K
Event: 51759.962 GC heap after
Heap after GC invocations=2693 (full 33):
 PSYoungGen      total 3601920K, used 43366K [0x00000006ded00000, 0x00000007bfb80000, 0x00000007c0000000)
  eden space 3524096K, 0% used [0x00000006ded00000,0x00000006ded00000,0x00000007b5e80000)
  from space 77824K, 55% used [0x00000007baf80000,0x00000007bd9d9a10,0x00000007bfb80000)
  to   space 80384K, 0% used [0x00000007b5e80000,0x00000007b5e80000,0x00000007bad00000)
 ParOldGen       total 4801024K, used 4101848K [0x000000051c600000, 0x0000000641680000, 0x00000006ded00000)
  object space 4801024K, 85% used [0x000000051c600000,0x0000000616bb6198,0x0000000641680000)
 Metaspace       used 320889K, capacity 333848K, committed 334208K, reserved 1331200K
  class space    used 50029K, capacity 53317K, committed 53376K, reserved 1048576K
}
Event: 51762.924 GC heap before
{Heap before GC invocations=2694 (full 33):
 PSYoungGen      total 3601920K, used 1693713K [0x00000006ded00000, 0x00000007bfb80000, 0x00000007c0000000)
  eden space 3524096K, 46% used [0x00000006ded00000,0x00000007438aaa40,0x00000007b5e80000)
  from space 77824K, 55% used [0x00000007baf80000,0x00000007bd9d9a10,0x00000007bfb80000)
  to   space 80384K, 0% used [0x00000007b5e80000,0x00000007b5e80000,0x00000007bad00000)
 ParOldGen       total 4801024K, used 4101848K [0x000000051c600000, 0x0000000641680000, 0x00000006ded00000)
  object space 4801024K, 85% used [0x000000051c600000,0x0000000616bb6198,0x0000000641680000)
 Metaspace       used 320898K, capacity 333848K, committed 334208K, reserved 1331200K
  class space    used 50029K, capacity 53317K, committed 53376K, reserved 1048576K
Event: 51762.969 GC heap after
Heap after GC invocations=2694 (full 33):
 PSYoungGen      total 3604480K, used 80371K [0x00000006ded00000, 0x00000007c0000000, 0x00000007c0000000)
  eden space 3524096K, 0% used [0x00000006ded00000,0x00000006ded00000,0x00000007b5e80000)
  from space 80384K, 99% used [0x00000007b5e80000,0x00000007bacfcc40,0x00000007bad00000)
  to   space 84992K, 0% used [0x00000007bad00000,0x00000007bad00000,0x00000007c0000000)
 ParOldGen       total 4801024K, used 4123198K [0x000000051c600000, 0x0000000641680000, 0x00000006ded00000)
  object space 4801024K, 85% used [0x000000051c600000,0x000000061808f9d8,0x0000000641680000)
 Metaspace       used 320898K, capacity 333848K, committed 334208K, reserved 1331200K
  class space    used 50029K, capacity 53317K, committed 53376K, reserved 1048576K
}
Event: 51762.969 GC heap before
{Heap before GC invocations=2695 (full 34):
 PSYoungGen      total 3604480K, used 80371K [0x00000006ded00000, 0x00000007c0000000, 0x00000007c0000000)
  eden space 3524096K, 0% used [0x00000006ded00000,0x00000006ded00000,0x00000007b5e80000)
  from space 80384K, 99% used [0x00000007b5e80000,0x00000007bacfcc40,0x00000007bad00000)
  to   space 84992K, 0% used [0x00000007bad00000,0x00000007bad00000,0x00000007c0000000)
 ParOldGen       total 4801024K, used 4123198K [0x000000051c600000, 0x0000000641680000, 0x00000006ded00000)
  object space 4801024K, 85% used [0x000000051c600000,0x000000061808f9d8,0x0000000641680000)
 Metaspace       used 320898K, capacity 333848K, committed 334208K, reserved 1331200K
  class space    used 50029K, capacity 53317K, committed 53376K, reserved 1048576K
Event: 51767.140 GC heap after
Heap after GC invocations=2695 (full 34):
 PSYoungGen      total 3604480K, used 0K [0x00000006ded00000, 0x00000007c0000000, 0x00000007c0000000)
  eden space 3524096K, 0% used [0x00000006ded00000,0x00000006ded00000,0x00000007b5e80000)
  from space 80384K, 0% used [0x00000007b5e80000,0x00000007b5e80000,0x00000007bad00000)
  to   space 84992K, 0% used [0x00000007bad00000,0x00000007bad00000,0x00000007c0000000)
 ParOldGen       total 4801024K, used 3719870K [0x000000051c600000, 0x0000000641680000, 0x00000006ded00000)
  object space 4801024K, 77% used [0x000000051c600000,0x00000005ff6af9f8,0x0000000641680000)
 Metaspace       used 320776K, capacity 333668K, committed 334208K, reserved 1331200K
  class space    used 50013K, capacity 53287K, committed 53376K, reserved 1048576K
}

